1626732275617:request-response
1626732289332:requestResponse
1626732432429:request-response
1626732454890:exit
1626732604862:request-response
1626733362435:fire-and-forget
1626734098922:stream
1626734109769:stop
1626734119165:stream
1626734131905:stop
1626734286065:exit
1626734302700:request-response
1626734337417:fire-and-forget
1626734347989:stream
1626734357678:stop
1626734362309:fire-and-forget
1626734368426:request-response
1626734375705:stream
1626734382004:stop
1626734385075:exit
1626734421965:fire-and-forget
1626734442445:exit
1626734469262:fire-and-forget
1626734737299:request-response
1626734789199:exit
1626734810900:request-response
1626734820681:fire-and-forget
1626734826248:stream
1626734833186:stop
1626734985681:stream
1626734989487:stop
1627825678826:channel
1627825759887:stop
1627825807303:channel
1627825810094:stop
1629110406776:stream
1629110414215:4
1629110422149:stop
1629116890030:exit
1629116917844:channel
1629116943059:exit
1629116979641:stop
1629117187000:fire-and-forget
1629130942426:login user pass
1629131104557:fire-and-forget
1629131327135:login user pass
1629131333264:fire-and-forge
1629131335314:fire-and-forget
1629131383447:login user pass
1629131395913:fire-and-forget
1629131455413:login user pass
1629131458946:logout
1629131467373:login admin pass
1629131485046:fire-and-forget
1629131552572:login admin pass
1629131558075:fire-and-forget
1629131633984:login admin pass
1629131643937:fire-and-forget
1629163430154:login user pass
1629163446016:fire-and-forget
1629163457457:logout
1629163508534:fire-and-forget
1629163525090:login user pass
1629163530677:fire-and-forget
1629163535298:logout
1629163545269:login admin pass
1629163553769:fire-and-forget
1629163572813:request-response
1629163605469:streal
1629163608487:stream
1629163613837:stop
1629215658548:login user pass
1629215710488:fire-and-forget
